2024-09-04 09:34:15 - INFO - Scheduler started
2024-09-04 09:34:15 - INFO - Scheduled: 16.3.23 *Rep Costos Req vs Real - 35 9 * * 3 - Next run: 2024-09-04 09:35:00
2024-09-04 09:34:15 - INFO - Scheduled: 61.3.16 *Rep Contenedor Interno (Ex9.2.2) - 0 16 * * 0 - Next run: 2024-09-08 16:00:00
2024-09-04 09:35:15 - INFO - Attempting to run task: 16.3.23 *Rep Costos Req vs Real
2024-09-04 09:39:14 - INFO - Task '16.3.23 *Rep Costos Req vs Real' completed successfully
2024-09-04 09:39:14 - INFO - Task: 16.3.23 *Rep Costos Req vs Real
Command: python /app/src/main.py new03 16.3.23 1
Output:

Executing for domain: SURFRUT
Successfully connected to awo0kj1xdb03.odqad.com as frodriguez
Environment: QAD Enterprise Applications 2022 - PROD Environment
Waiting for string: ~$
Executing command: qadmenu
qadmenu
Executing command: US
US
Waiting for string: Enter data or press F4 to end.
Executing command: appsfc
appsfcExecuting command: Ppa.2019
appsfc SURFRUTEnter data or press F4 to end.Executing command: SURFRUT
S URFRUTSURFRUT SURFRUT64106Last logon: 09/04/24 09:35:59 GMT-4Pausing 5 second(s). Press space bar to continue.Executing command:  
Successfully logged in to new03 for domain SURFRUT
Waiting for string: blank to EXIT
Executing command: 16.3.23
16.3.2316.3.23 SURFRUT [USD] 16.3.23 *REP Costos Req vs Real 09/04/24 lqqqqqqqqqqqqqqqqqqqqqqqqqqqqqqqqqqqqqqqqqqqqqqqqqqqqqqqqqqqqqqqqqqqqqqqqqqqqqqkxxxOrden Trabajo:To:xxArticulo:To:xxRelease Date:To:xx Solo cerradas contablemente:xxFch.Cierre Cont:To:xxxxArchivo:xxVer Expl:xxxxOutput:xmqqqqqqqqqqqqqqqqqqqqqqqqqqqqqqqqqqqqqqqqqqqqqqqqqqqqqqqqqqqqqqqqqqqqqqqqqqqqqqj / / / / yesF1=Go 2=Help 3=Ins 4=End 6=Menu 7=Rcl 8=Clr 11=PasteSuccessfully navigated to menu 16.3.23
Executing function: Extraer Todos
Executing command: 








 / / / / yes / / / /F1=Go 2=Help 3=Ins 4=End 6=Menu 7=Rcl 8=Clr 11=Paste / / / / F1=Go 2=Help 3=Ins 4=End 6=Menu 7=Rcl 8=Clr 11=PasteExecuting command: cost_req_vs_real
cost_req_vs_realcost_req_vs_real .csvpantallapantallaF1=Go 2=Help 3=Ins 4=End 6=Menu 7=Rcl 8=Clr 11=Pastelp 3=Ins 4=End 6=Mnu 7=Rcl 8=Clr 9=Prev 10=Next 11=BufExecuting command: 
pantallaReport is now running. Press Ctrl-C to cancelEl url capturado es:  /qond/apps/surfrut/transf_arch/cost_req_vs_real.csv
Waiting for string: F4 to exit.
Executing command: OS
SURFRUT [USD] 16.3.23 *REP Costos Req vs Real SURFRUT [USD] 16.3.23 *REP Costos Req vs Real 09/04/24 lqqqqqqqqqqqqqqqqqqqqqqqqqqqqqqqqqqqqqqqqqqqqqqqqqqqqqqqqqqqqqqqqqqqqqqqqqqqqqqkxxxOrden Trabajo:To:xxArticulo:To:xxRelease Date:To:xx Solo cerradas contablemente: yesxxFch.Cierre Cont:To:xxxxArchivo: cost_req_vs_real.csvxxVer Expl: xxxxOutput: pantalla xmqqqqqqqqqqqqqqqqqqqqqqqqqqqqqqqqqqqqqqqqqqqqqqqqqqqqqqqqqqqqqqqqqqqqqqqqqqqqqqjEnter data or press F4 to end.[24;79HExecuting command: OS
 / / / /yesEnter data or press F4 to end.Executing command: OS
 / / / / yeslqqqqqqqqqqqqqqqqqqqqqqqqqqqqqqqqqqqqqaddbqqqqqqqqqqqqqqqqqqqqqqqqqqqqqqqqqqqqqkxSURFRUT[USD] Main Menu09/04/24xmqqqqqqqqqqqqqqqqqqqqqqqqqqqqqqqqqqqqqqqqqqqqqqqqqqqqqqqqqqqqqqqqqqqqqqqqqqqqqqjlqqqqqqqqqqqqqqqqqqqqqqqqqqqqqqqqqqqqqqqqqqqqqqqqqqqqqqqqqqqqqqqqqqqqqqqqqqqqqqkx 1. Items/Sites13. Product Structures 25. General Ledgerxx 2. Addresses14. Routings/Work Center 26. Multiple Currencyxx 3. Inventory Control 15. Formula/Process27. Accounts Receivable  xx 4. Warehousing16. Production Menu28. Accounts Payablexx 5. Purchasing17. Lean Manufacturing 29. Tax Managementxx 6.18.30. Cost Managementxx 7. Sales Orders/Invoice 19. Quality Control31. Banking/Cash Mgmtxx 8. Configured Products 20. Product Line Plan 32. Fixed Assetsxx 9.21. Resource Plan33. Enterprise Ops Plan xx10.22. Forecast/Master Plan 34.xx11. Service/Support23. Materials Rqmts Plan 35. EDI eCommercexx12. Distribution Plan 24. Capacity Rqmts Plan 36. System AdminxmqqqqqqqqqqqqqqqqqqqqqqqqqqqqqqqqqqqqqqqqqqqqqqqqqqqqqqqqqqqqqqqqqqqqqqqqqqqqqqjlqqqqqqqqqqqqqqqqqqqqqqqqqqqqqqqqqqqqqqqqqqqqqqqqqqqqqqqqqqqqqqqqqqqqqqqqqqqqqqkxPlease select a function. F4 or blank to EXITxmqqqqqqqqqqqqqqqqqqqqqqqqqqqqqqqqqqqqqqqqqqqqqqqqqqqqqqqqqqqqqqqqqqqqqqqqqqqqqqj Press F2 for HelpExecuting command: OS
 Please confirm exitPlease confirm exitNoNo Press F2 for HelpExecuting command: Y
YesWaiting for string: Selection:
Executing command: Q
Q
0;frodriguez@awo0kj1xdb03:/home/frodriguezfrodriguez@awo0kj1xdb03:~$ Executing command: cd ..
cd ..
0;frodriguez@awo0kj1xdb03:/homefrodriguez@awo0kj1xdb03:/home$ Executing command: cd ..
cd ..
0;frodriguez@awo0kj1xdb03:/frodriguez@awo0kj1xdb03:/$ Successfully transferred /qond/apps/surfrut/transf_arch/cost_req_vs_real.csv to /tmp/cost_req_vs_real.csv
Successfully read the file with latin-1 encoding.
CSV contents:
['Orden Trabajo', 'Fecha Orden', 'Fecha Cierre', 'Mes', 'Ano', 'Articulo', 'Descripcion', 'Cantidad Completada', 'UM', 'Kilos Neto', 'OP', 'Familia', 'Clase', 'Art.Consumos', 'Descripcion', 'UM', 'Cant.Req.por OT', 'Cant.Esperada', 'Cant.Real', 'Costo Esperado', 'Costo Real', 'Diferencia Costos', 'Var. Total Esperada', 'Var. Tasa Registrada', 'Var. Uso Registrad', 'Var. Metodo Registrada ', '']
['ENV240168', '06/01/24', '06/30/24', 6.0, 2024.0, 'MHSL36CBCBETS', 'LM AppSlic 3/4 xl/2Hu', 0.0, 'KG', 11.0, 10.0, 'MATPROD', 'Default Promotion Group', 'ME55020011013', 'Bolsa Pead Azul 91x90x100 micras x100 micras', 'UN', 0.0, 0.0, 0.0, 0.0, 0.0, 0.0, 0.0, 0.0, 0.0, 0.0]
['ENV240168', '06/01/24', '06/30/24', 6.0, 2024.0, 'MHSL36CBCBETS', 'LM AppSlic 3/4 xl/2Hu', 0.0, 'KG', 11.0, 10.0, 'MATPROD', 'Default Promotion Group', 'ME55040003013', 'Caja Desh.11598 472x368x 370 Bc94', 'UN', 0.0, 0.0, 0.0, 0.0, 0.0, 0.0, 0.0, 0.0, 0.0, 0.0]
['ENV240168', '06/01/24', '06/30/24', 6.0, 2024.0, 'MHSL36CBCBETS', 'LM AppSlic 3/4 xl/2Hu', 0.0, 'KG', 11.0, 10.0, 'MATPROD', 'Default Promotion Group', 'ME57080074013', 'Etiq.adh.blanca 100x150Opaca Opaca', 'UN', 0.0, 0.0, 0.0, 0.0, 0.0, 0.0, 0.0, 0.0, 0.0, 0.0]
['ENV240168', '06/01/24', '06/30/24', 6.0, 2024.0, 'MHSL36CBCBETS', 'LM AppSlic 3/4 xl/2Hu', 0.0, 'KG', 11.0, 10.0, 'MATPROD', 'Default Promotion Group', 'ME59160014013', 'Scotch cafe 2X100 mt.caucho natural caucho natural', 'UN', 0.0, 0.0, 0.0, 0.0, 0.0, 0.0, 0.0, 0.0, 0.0, 0.0]
Successfully inserted data from /tmp/cost_req_vs_real.csv into the Google Sheet.
QAD session for domain SURFRUT successfully closed

Executing for domain: PUREFRUI
Successfully connected to awo0kj1xdb03.odqad.com as frodriguez
Environment: QAD Enterprise Applications 2022 - PROD Environment
Waiting for string: ~$
Executing command: qadmenu
qadmenu
Executing command: US
US
Waiting for string: Enter data or press F4 to end.
Executing command: appsfc
appsfcExecuting command: Ppa.2019
appsfc SURFRUTEnter data or press F4 to end.Executing command: PUREFRUI
P UREFRUIPUREFRUIPUREFRUIT64106Last logon: 09/04/24 09:36:32 GMT-4Pausing 5 second(s). Press space bar to continue.Executing command:  
Successfully logged in to new03 for domain PUREFRUI
Waiting for string: blank to EXIT
Executing command: 16.3.23
16.3.2316.3.23 PUREFRUIT [USD] 16.3.23 *REP Costos Req vs Real 09/04/24 lqqqqqqqqqqqqqqqqqqqqqqqqqqqqqqqqqqqqqqqqqqqqqqqqqqqqqqqqqqqqqqqqqqqqqqqqqqqqqqkxxxOrden Trabajo:To:xxArticulo:To:xxRelease Date:To:xx Solo cerradas contablemente:xxFch.Cierre Cont:To:xxxxArchivo:xxVer Expl:xxxxOutput:xmqqqqqqqqqqqqqqqqqqqqqqqqqqqqqqqqqqqqqqqqqqqqqqqqqqqqqqqqqqqqqqqqqqqqqqqqqqqqqqj / / / / yesF1=Go 2=Help 3=Ins 4=End 6=Menu 7=Rcl 8=Clr 11=PasteSuccessfully navigated to menu 16.3.23
Executing function: Extraer Todos
Executing command: 








 / / / / yes / / / /F1=Go 2=Help 3=Ins 4=End 6=Menu 7=Rcl 8=Clr 11=Paste / / / / F1=Go 2=Help 3=Ins 4=End 6=Menu 7=Rcl 8=Clr 11=PasteExecuting command: cost_req_vs_real
cost_req_vs_realcost_req_vs_real .csvpantallapantallaF1=Go 2=Help 3=Ins 4=End 6=Menu 7=Rcl 8=Clr 11=Pastelp 3=Ins 4=End 6=Mnu 7=Rcl 8=Clr 9=Prev 10=Next 11=BufExecuting command: 
pantallaReport is now running. Press Ctrl-C to cancelEl url capturado es:  /qond/apps/surfrut/transf_arch/cost_req_vs_real.csv
Waiting for string: F4 to exit.
Executing command: OS
PUREFRUIT [USD] 16.3.23 *REP Costos Req vs Real PUREFRUIT [USD] 16.3.23 *REP Costos Req vs Real 09/04/24 lqqqqqqqqqqqqqqqqqqqqqqqqqqqqqqqqqqqqqqqqqqqqqqqqqqqqqqqqqqqqqqqqqqqqqqqqqqqqqqkxxxOrden Trabajo:To:xxArticulo:To:xxRelease Date:To:xx Solo cerradas contablemente: yesxxFch.Cierre Cont:To:xxxxArchivo: cost_req_vs_real.csvxxVer Expl: xxxxOutput: pantalla xmqqqqqqqqqqqqqqqqqqqqqqqqqqqqqqqqqqqqqqqqqqqqqqqqqqqqqqqqqqqqqqqqqqqqqqqqqqqqqqjEnter data or press F4 to end.[24;79HExecuting command: OS
 / / / /yesEnter data or press F4 to end.Executing command: OS
 / / / / yeslqqqqqqqqqqqqqqqqqqqqqqqqqqqqqqqqqqqqqaddbqqqqqqqqqqqqqqqqqqqqqqqqqqqqqqqqqqqqqkxPUREFRUIT[USD] Main Menu09/04/24xmqqqqqqqqqqqqqqqqqqqqqqqqqqqqqqqqqqqqqqqqqqqqqqqqqqqqqqqqqqqqqqqqqqqqqqqqqqqqqqjlqqqqqqqqqqqqqqqqqqqqqqqqqqqqqqqqqqqqqqqqqqqqqqqqqqqqqqqqqqqqqqqqqqqqqqqqqqqqqqkx 1. Items/Sites13. Product Structures 25. General Ledgerxx 2. Addresses14. Routings/Work Center 26. Multiple Currencyxx 3. Inventory Control 15. Formula/Process27. Accounts Receivable  xx 4. Warehousing16. Production Menu28. Accounts Payablexx 5. Purchasing17. Lean Manufacturing 29. Tax Managementxx 6.18.30. Cost Managementxx 7. Sales Orders/Invoice 19. Quality Control31. Banking/Cash Mgmtxx 8. Configured Products 20. Product Line Plan 32. Fixed Assetsxx 9.21. Resource Plan33. Enterprise Ops Plan xx10.22. Forecast/Master Plan 34.xx11. Service/Support23. Materials Rqmts Plan 35. EDI eCommercexx12. Distribution Plan 24. Capacity Rqmts Plan 36. System AdminxmqqqqqqqqqqqqqqqqqqqqqqqqqqqqqqqqqqqqqqqqqqqqqqqqqqqqqqqqqqqqqqqqqqqqqqqqqqqqqqjlqqqqqqqqqqqqqqqqqqqqqqqqqqqqqqqqqqqqqqqqqqqqqqqqqqqqqqqqqqqqqqqqqqqqqqqqqqqqqqkxPlease select a function. F4 or blank to EXITxmqqqqqqqqqqqqqqqqqqqqqqqqqqqqqqqqqqqqqqqqqqqqqqqqqqqqqqqqqqqqqqqqqqqqqqqqqqqqqqj Press F2 for HelpExecuting command: OS
 Please confirm exitPlease confirm exitNoNo Press F2 for HelpExecuting command: Y
YesWaiting for string: Selection:
Executing command: Q
Q
0;frodriguez@awo0kj1xdb03:/home/frodriguezfrodriguez@awo0kj1xdb03:~$ Executing command: cd ..
cd ..
0;frodriguez@awo0kj1xdb03:/homefrodriguez@awo0kj1xdb03:/home$ Executing command: cd ..
cd ..
0;frodriguez@awo0kj1xdb03:/frodriguez@awo0kj1xdb03:/$ Successfully transferred /qond/apps/surfrut/transf_arch/cost_req_vs_real.csv to /tmp/cost_req_vs_real.csv
Successfully read the file with latin-1 encoding.
CSV contents:
['Orden Trabajo', 'Fecha Orden', 'Fecha Cierre', 'Mes', 'Ano', 'Articulo', 'Descripcion', 'Cantidad Completada', 'UM', 'Kilos Neto', 'OP', 'Familia', 'Clase', 'Art.Consumos', 'Descripcion', 'UM', 'Cant.Req.por OT', 'Cant.Esperada', 'Cant.Real', 'Costo Esperado', 'Costo Real', 'Diferencia Costos', 'Var. Total Esperada', 'Var. Tasa Registrada', 'Var. Uso Registrad', 'Var. Metodo Registrada ', '']
['AJU240100', '05/31/24', '06/13/24', 6.0, 2024.0, 'PUZGT300S00S0', 'Pulpa Zap Org Tb 200KG Butternut', 0.0, 'KG', 0.0, 0.0, 'MATPROD', '', 'MEDISP1000004', 'Display generico Fruity- U organico 8un (KSP)', 'UN', 0.0, 0.0, 0.0, 0.0, 0.0, 0.0, 0.0, 0.0, 0.0, 0.0]
['AJU240100', '05/31/24', '06/13/24', 6.0, 2024.0, 'PUZGT300S00S0', 'Pulpa Zap Org Tb 200KG Butternut', 0.0, 'KG', 0.0, 0.0, 'Bulk comprados', '', 'PUZGT300S00S0', 'Pulpa Zap Org Tb 200KG Butternut', 'KG', 0.0, 0.0, 0.0, 0.0, 0.0, 0.0, 0.0, 0.0, 0.0, 0.0]
['AJU240101', '05/31/24', '06/13/24', 6.0, 2024.0, 'MEDOYP1000174', 'Dp Apple Banana org T.To es 99 grs', 0.0, 'UN', 0.0, 0.0, 'MATPROD', '', 'MEDOYP1000174', 'Dp Apple Banana org T.To es 99 grs', 'UN', 0.0, 0.0, 0.0, 0.0, 0.0, 0.0, 0.0, 0.0, 0.0, 0.0]
['AJU240102', '05/31/24', '06/13/24', 6.0, 2024.0, 'MEDOYP1000076', 'Dp Carrot Apple Mango Kr oger Org 113grs', 0.0, 'UN', 0.0, 0.0, 'MATPROD', '', 'MEDOYP1000076', 'Dp Carrot Apple Mango Kr oger Org 113grs', 'UN', 0.0, 0.0, 0.0, 0.0, 0.0, 0.0, 0.0, 0.0, 0.0, 0.0]
Successfully inserted data from /tmp/cost_req_vs_real.csv into the Google Sheet.
QAD session for domain PUREFRUI successfully closed

==================================================
2024-09-04 09:39:14 - INFO - Next run for '16.3.23 *Rep Costos Req vs Real': 2024-09-11 09:35:00
